2021-02-28T06:03:56+00:00 INFO Doing Task:set_settings
2021-02-28T06:03:56+00:00 INFO Task Done:set_settings
2021-02-28T06:03:56+00:00 INFO Doing Task:create_default_lists
2021-02-28T06:03:56+00:00 INFO Task Done:create_default_lists
2021-02-28T06:03:56+00:00 INFO Doing Task:create_contacts_and_add_to_list
2021-02-28T06:03:56+00:00 INFO Task Done:create_contacts_and_add_to_list
2021-02-28T06:03:56+00:00 INFO Doing Task:add_workflow_for_user_registration
2021-02-28T06:03:56+00:00 INFO Task Done:add_workflow_for_user_registration
2021-02-28T06:03:56+00:00 INFO Doing Task:create_default_newsletter_broadcast
2021-02-28T06:03:56+00:00 INFO Task Done:create_default_newsletter_broadcast
2021-02-28T06:03:56+00:00 INFO Doing Task:create_default_post_notification
2021-02-28T06:03:56+00:00 INFO Task Done:create_default_post_notification
2021-02-28T06:03:56+00:00 INFO Doing Task:create_default_subscription_form
2021-02-28T06:03:56+00:00 INFO Task Done:create_default_subscription_form
2021-02-28T06:03:56+00:00 INFO Doing Task:add_widget_to_sidebar
2021-02-28T06:03:56+00:00 INFO Task Done:add_widget_to_sidebar
2021-02-28T06:03:57+00:00 INFO Doing Task:queue_default_broadcast_newsletter
2021-02-28T06:03:57+00:00 INFO Task Done:queue_default_broadcast_newsletter
2021-02-28T06:03:57+00:00 INFO Doing Task:dispatch_emails_from_server
2021-02-28T06:03:58+00:00 INFO Task Done:dispatch_emails_from_server
2021-02-28T06:03:58+00:00 INFO Task already done:dispatch_emails_from_server
2021-02-28T06:03:59+00:00 INFO Task already done:queue_default_broadcast_newsletter
2021-02-28T06:03:59+00:00 INFO Doing Task:dispatch_emails_from_server
2021-02-28T06:03:59+00:00 INFO Task Failed:dispatch_emails_from_server
2021-02-28T06:03:59+00:00 INFO Task already done:queue_default_broadcast_newsletter
2021-02-28T06:03:59+00:00 INFO Task already done:queue_default_broadcast_newsletter
2021-02-28T06:04:00+00:00 INFO Task already done:dispatch_emails_from_server
2021-02-28T06:04:00+00:00 INFO Task already done:dispatch_emails_from_server
2021-02-28T06:04:00+00:00 INFO Task already done:dispatch_emails_from_server
2021-02-28T06:04:00+00:00 INFO Task already done:dispatch_emails_from_server
2021-02-28T06:04:00+00:00 INFO Task already done:dispatch_emails_from_server
2021-02-28T06:04:00+00:00 INFO Task already done:dispatch_emails_from_server
2021-02-28T06:04:00+00:00 INFO Task already done:dispatch_emails_from_server
2021-02-28T06:04:00+00:00 INFO Task already done:dispatch_emails_from_server
2021-02-28T06:04:00+00:00 INFO Task already done:dispatch_emails_from_server
2021-02-28T06:04:00+00:00 INFO Task already done:dispatch_emails_from_server
2021-02-28T06:04:00+00:00 INFO Task already done:dispatch_emails_from_server
2021-02-28T06:04:00+00:00 INFO Task already done:dispatch_emails_from_server
2021-02-28T06:04:08+00:00 INFO Doing Task:check_test_email_on_server
2021-02-28T06:04:08+00:00 INFO Task Failed:check_test_email_on_server
2021-02-28T06:04:08+00:00 INFO Doing Task:check_test_email_on_server
2021-02-28T06:04:08+00:00 INFO Task Failed:check_test_email_on_server
2021-02-28T06:04:10+00:00 INFO Doing Task:check_test_email_on_server
2021-02-28T06:04:10+00:00 INFO Task Failed:check_test_email_on_server
2021-02-28T06:04:10+00:00 INFO Doing Task:check_test_email_on_server
2021-02-28T06:04:10+00:00 INFO Task Failed:check_test_email_on_server
2021-02-28T06:04:10+00:00 INFO Doing Task:check_test_email_on_server
2021-02-28T06:04:10+00:00 INFO Task Failed:check_test_email_on_server
2021-02-28T06:04:10+00:00 INFO Doing Task:check_test_email_on_server
2021-02-28T06:04:10+00:00 INFO Task Failed:check_test_email_on_server
2021-02-28T06:04:10+00:00 INFO Doing Task:check_test_email_on_server
2021-02-28T06:04:10+00:00 INFO Task Failed:check_test_email_on_server
2021-02-28T06:04:10+00:00 INFO Doing Task:check_test_email_on_server
2021-02-28T06:04:10+00:00 INFO Task Failed:check_test_email_on_server
2021-02-28T06:04:10+00:00 INFO Doing Task:check_test_email_on_server
2021-02-28T06:04:10+00:00 INFO Task Failed:check_test_email_on_server
2021-02-28T06:04:10+00:00 INFO Doing Task:check_test_email_on_server
2021-02-28T06:04:10+00:00 INFO Task Failed:check_test_email_on_server
2021-02-28T06:04:10+00:00 INFO Doing Task:check_test_email_on_server
2021-02-28T06:04:10+00:00 INFO Task Failed:check_test_email_on_server
2021-02-28T06:04:10+00:00 INFO Doing Task:check_test_email_on_server
2021-02-28T06:04:10+00:00 INFO Task Failed:check_test_email_on_server
2021-02-28T06:04:12+00:00 INFO Doing Task:check_test_email_on_server
2021-02-28T06:04:12+00:00 INFO Task Failed:check_test_email_on_server
2021-02-28T06:04:12+00:00 INFO Doing Task:check_test_email_on_server
2021-02-28T06:04:12+00:00 INFO Task Failed:check_test_email_on_server
2021-02-28T06:04:22+00:00 INFO Doing Task:subscribe_to_klawoo
2021-02-28T06:04:22+00:00 INFO Task Done:subscribe_to_klawoo
2021-02-28T06:04:22+00:00 INFO Doing Task:save_final_configuration
2021-02-28T06:04:22+00:00 INFO Task Done:save_final_configuration
