2021-03-21T12:11:42+00:00 INFO Require to run updater..Start Installation/ Update process
2021-03-21T12:11:42+00:00 INFO Needs DB Update?
2021-03-21T12:11:42+00:00 INFO Current DB Version: 4.6.7
2021-03-21T12:11:42+00:00 INFO Database update require. Start updating database
2021-03-21T12:11:42+00:00 INFO Do Update....
2021-03-21T12:11:42+00:00 INFO Current IG ES DB Version: 4.6.7
2021-03-21T12:11:42+00:00 INFO [Queue] ig_es_update_468_create_unsubscribe_feedback_table
2021-03-21T12:11:42+00:00 INFO [Queue] ig_es_update_468_db_version
2021-03-21T12:11:42+00:00 INFO [Queue] ig_es_update_469_alter_wc_guests_table
2021-03-21T12:11:42+00:00 INFO [Queue] ig_es_update_469_db_version
2021-03-21T12:11:42+00:00 INFO [Queue] ig_es_migrate_4613_sequence_list_settings_into_campaign_rules
2021-03-21T12:11:42+00:00 INFO [Queue] ig_es_update_4613_db_version
2021-03-21T12:11:42+00:00 INFO Yes, we have tasks to process
2021-03-21T12:11:42+00:00 INFO --------------------- Started To Run Task Again---------------------
2021-03-21T12:11:42+00:00 INFO [Processing] ig_es_update_468_create_unsubscribe_feedback_table
2021-03-21T12:11:42+00:00 INFO --- Running Task - ig_es_update_468_create_unsubscribe_feedback_table
2021-03-21T12:11:42+00:00 INFO --- Finished Task - ig_es_update_468_create_unsubscribe_feedback_table 
2021-03-21T12:11:42+00:00 INFO [Processed] ig_es_update_468_create_unsubscribe_feedback_table
2021-03-21T12:11:42+00:00 INFO [Processing] ig_es_update_468_db_version
2021-03-21T12:11:42+00:00 INFO --- Running Task - ig_es_update_468_db_version
2021-03-21T12:11:42+00:00 INFO --- Finished Task - ig_es_update_468_db_version 
2021-03-21T12:11:42+00:00 INFO [Processed] ig_es_update_468_db_version
2021-03-21T12:11:42+00:00 INFO [Processing] ig_es_update_469_alter_wc_guests_table
2021-03-21T12:11:42+00:00 INFO --- Running Task - ig_es_update_469_alter_wc_guests_table
2021-03-21T12:11:42+00:00 INFO --- Finished Task - ig_es_update_469_alter_wc_guests_table 
2021-03-21T12:11:42+00:00 INFO [Processed] ig_es_update_469_alter_wc_guests_table
2021-03-21T12:11:42+00:00 INFO [Processing] ig_es_update_469_db_version
2021-03-21T12:11:42+00:00 INFO --- Running Task - ig_es_update_469_db_version
2021-03-21T12:11:42+00:00 INFO --- Finished Task - ig_es_update_469_db_version 
2021-03-21T12:11:42+00:00 INFO [Processed] ig_es_update_469_db_version
2021-03-21T12:11:42+00:00 INFO [Processing] ig_es_migrate_4613_sequence_list_settings_into_campaign_rules
2021-03-21T12:11:42+00:00 INFO --- Running Task - ig_es_migrate_4613_sequence_list_settings_into_campaign_rules
2021-03-21T12:11:42+00:00 INFO --- Finished Task - ig_es_migrate_4613_sequence_list_settings_into_campaign_rules 
2021-03-21T12:11:42+00:00 INFO [Processed] ig_es_migrate_4613_sequence_list_settings_into_campaign_rules
2021-03-21T12:11:42+00:00 INFO [Processing] ig_es_update_4613_db_version
2021-03-21T12:11:42+00:00 INFO --- Running Task - ig_es_update_4613_db_version
2021-03-21T12:11:42+00:00 INFO --- Finished Task - ig_es_update_4613_db_version 
2021-03-21T12:11:42+00:00 INFO [Processed] ig_es_update_4613_db_version
